c:\users\joe\source\repos\slackoff3d\release\vc142.pdb
c:\users\joe\source\repos\slackoff3d\release\testslackoff3d.obj
c:\users\joe\source\repos\slackoff3d\release\vector3.obj
c:\users\joe\source\repos\slackoff3d\release\triple.obj
c:\users\joe\source\repos\slackoff3d\release\rotation.obj
c:\users\joe\source\repos\slackoff3d\release\matrix3.obj
c:\users\joe\source\repos\slackoff3d\release\meshmanager.obj
c:\users\joe\source\repos\slackoff3d\release\engine.obj
c:\users\joe\source\repos\slackoff3d\release\slackoff3d.exe
c:\users\joe\source\repos\slackoff3d\release\slackoff3d.pdb
c:\users\joe\source\repos\slackoff3d\release\slackoff3d.ipdb
c:\users\joe\source\repos\slackoff3d\release\slackoff3d.iobj
c:\users\joe\source\repos\slackoff3d\release\slackoff3d.tlog\cl.command.1.tlog
c:\users\joe\source\repos\slackoff3d\release\slackoff3d.tlog\cl.read.1.tlog
c:\users\joe\source\repos\slackoff3d\release\slackoff3d.tlog\cl.write.1.tlog
c:\users\joe\source\repos\slackoff3d\release\slackoff3d.tlog\link.command.1.tlog
c:\users\joe\source\repos\slackoff3d\release\slackoff3d.tlog\link.delete.1.tlog
c:\users\joe\source\repos\slackoff3d\release\slackoff3d.tlog\link.read.1.tlog
c:\users\joe\source\repos\slackoff3d\release\slackoff3d.tlog\link.write.1.tlog
c:\users\joe\source\repos\slackoff3d\release\slackoff3d.tlog\slackoff3d.write.1u.tlog
